<?xml version="1.0" encoding="UTF-8"?>
<testng-results ignored="0" total="4" passed="4" failed="0" skipped="0">
  <reporter-output>
  </reporter-output>
  <suite started-at="2021-02-26T06:54:19 IST" name="All Test Suite" finished-at="2021-02-26T06:55:50 IST" duration-ms="91004">
    <groups>
      <group name="cucumber">
        <method signature="AbstractTestNGCucumberTests.runScenario(io.cucumber.testng.PickleWrapper, io.cucumber.testng.FeatureWrapper)[pri:0, instance:cucumberOptions.TestRunner1@78e117e3]" name="runScenario" class="io.cucumber.testng.AbstractTestNGCucumberTests"/>
      </group> <!-- cucumber -->
    </groups>
    <test started-at="2021-02-26T06:54:19 IST" name="C:/Users/india/IdeaProjects/Assignments" finished-at="2021-02-26T06:55:50 IST" duration-ms="91004">
      <class name="cucumberOptions.TestRunner1">
        <test-method is-config="true" signature="setUpClass()[pri:0, instance:cucumberOptions.TestRunner1@78e117e3]" started-at="2021-02-26T06:54:19 IST" name="setUpClass" finished-at="2021-02-26T06:54:20 IST" duration-ms="1270" status="PASS">
          <reporter-output>
          </reporter-output>
        </test-method> <!-- setUpClass -->
        <test-method signature="runScenario(io.cucumber.testng.PickleWrapper, io.cucumber.testng.FeatureWrapper)[pri:0, instance:cucumberOptions.TestRunner1@78e117e3]" started-at="2021-02-26T06:54:20 IST" name="runScenario" description="Runs Cucumber Scenarios" data-provider="scenarios" finished-at="2021-02-26T06:54:21 IST" duration-ms="613" status="PASS">
          <params>
            <param index="0">
              <value>
                <![CDATA["Printing the FizzBuzz"]]>
              </value>
            </param>
            <param index="1">
              <value>
                <![CDATA["Optional[FizzBuzz]"]]>
              </value>
            </param>
          </params>
          <reporter-output>
          </reporter-output>
        </test-method> <!-- runScenario -->
        <test-method signature="runScenario(io.cucumber.testng.PickleWrapper, io.cucumber.testng.FeatureWrapper)[pri:0, instance:cucumberOptions.TestRunner1@78e117e3]" started-at="2021-02-26T06:54:21 IST" name="runScenario" description="Runs Cucumber Scenarios" data-provider="scenarios" finished-at="2021-02-26T06:55:12 IST" duration-ms="50827" status="PASS">
          <params>
            <param index="0">
              <value>
                <![CDATA["Picking the iframe Date"]]>
              </value>
            </param>
            <param index="1">
              <value>
                <![CDATA["Optional[Iframe]"]]>
              </value>
            </param>
          </params>
          <reporter-output>
          </reporter-output>
        </test-method> <!-- runScenario -->
        <test-method signature="runScenario(io.cucumber.testng.PickleWrapper, io.cucumber.testng.FeatureWrapper)[pri:0, instance:cucumberOptions.TestRunner1@78e117e3]" started-at="2021-02-26T06:55:12 IST" name="runScenario" description="Runs Cucumber Scenarios" data-provider="scenarios" finished-at="2021-02-26T06:55:12 IST" duration-ms="80" status="PASS">
          <params>
            <param index="0">
              <value>
                <![CDATA["sorting the given string"]]>
              </value>
            </param>
            <param index="1">
              <value>
                <![CDATA["Optional[String sorting]"]]>
              </value>
            </param>
          </params>
          <reporter-output>
          </reporter-output>
        </test-method> <!-- runScenario -->
        <test-method signature="runScenario(io.cucumber.testng.PickleWrapper, io.cucumber.testng.FeatureWrapper)[pri:0, instance:cucumberOptions.TestRunner1@78e117e3]" started-at="2021-02-26T06:55:12 IST" name="runScenario" description="Runs Cucumber Scenarios" data-provider="scenarios" finished-at="2021-02-26T06:55:50 IST" duration-ms="38025" status="PASS">
          <params>
            <param index="0">
              <value>
                <![CDATA["Printing table data"]]>
              </value>
            </param>
            <param index="1">
              <value>
                <![CDATA["Optional[Html table Data]"]]>
              </value>
            </param>
          </params>
          <reporter-output>
          </reporter-output>
        </test-method> <!-- runScenario -->
        <test-method is-config="true" signature="tearDownClass()[pri:0, instance:cucumberOptions.TestRunner1@78e117e3]" started-at="2021-02-26T06:55:50 IST" name="tearDownClass" finished-at="2021-02-26T06:55:50 IST" duration-ms="111" status="PASS">
          <reporter-output>
          </reporter-output>
        </test-method> <!-- tearDownClass -->
      </class> <!-- cucumberOptions.TestRunner1 -->
    </test> <!-- C:/Users/india/IdeaProjects/Assignments -->
  </suite> <!-- All Test Suite -->
</testng-results>
