<?xml version="1.0" encoding="UTF-8"?>
<testsuite xmlns:xsi="http://www.w3.org/2001/XMLSchema-instance" xsi:noNamespaceSchemaLocation="https://maven.apache.org/surefire/maven-surefire-plugin/xsd/surefire-test-report-3.0.xsd" version="3.0" name="TestSuite" time="93.408" tests="4" errors="0" skipped="0" failures="0">
  <properties>
[...]
</properties>
  <testcase name="runScenario[&quot;Printing the FizzBuzz&quot;, &quot;Optional[FizzBuzz]&quot;](1)" classname="cucumberOptions.TestRunner1" time="0.625">
    <system-out><![CDATA[1
2
3
4
fizz
6
buzz
8
9
fizz
]]></system-out>
  </testcase>
  <testcase name="runScenario[&quot;Picking the iframe Date&quot;, &quot;Optional[Iframe]&quot;](2)" classname="cucumberOptions.TestRunner1" time="50.879">
    <system-out><![CDATA[The Date is succesfully picked
]]></system-out>
    <system-err><![CDATA[SLF4J: Failed to load class "org.slf4j.impl.StaticLoggerBinder".
SLF4J: Defaulting to no-operation (NOP) logger implementation
SLF4J: See http://www.slf4j.org/codes.html#StaticLoggerBinder for further details.
Starting ChromeDriver 87.0.4280.88 (89e2380a3e36c3464b5dd1302349b1382549290d-refs/branch-heads/4280@{#1761}) on port 2375
Only local connections are allowed.
Please see https://chromedriver.chromium.org/security-considerations for suggestions on keeping ChromeDriver safe.
ChromeDriver was started successfully.
[1614302680.389][WARNING]: This version of ChromeDriver has not been tested with Chrome version 88.
Feb 26, 2021 6:54:48 AM org.openqa.selenium.remote.ProtocolHandshake createSession
INFO: Detected dialect: W3C
Feb 26, 2021 6:54:49 AM org.openqa.selenium.devtools.CdpVersionFinder findNearestMatch
WARNING: Unable to find an exact match for CDP version 88, so returning the closest version found: 86
Feb 26, 2021 6:54:49 AM org.openqa.selenium.devtools.CdpVersionFinder findNearestMatch
INFO: Found CDP implementation for version 88 of 86
]]></system-err>
  </testcase>
  <testcase name="runScenario[&quot;sorting the given string&quot;, &quot;Optional[String sorting]&quot;](3)" classname="cucumberOptions.TestRunner1" time="0.032">
    <system-out><![CDATA[
]]></system-out>
  </testcase>
  <testcase name="runScenario[&quot;Printing table data&quot;, &quot;Optional[Html table Data]&quot;](4)" classname="cucumberOptions.TestRunner1" time="38.069">
    <system-out><![CDATA[Company  Contact  Country  
Alfreds Futterkiste  Maria Anders  Germany  
Centro comercial Moctezuma  Francisco Chang  Mexico  
Ernst Handel  Roland Mendel  Austria  
Island Trading  Helen Bennett  UK  
Laughing Bacchus Winecellars  Yoshi Tannamuri  Canada  
Magazzini Alimentari Riuniti  Giovanni Rovelli  Italy  
The table data printed succesfully
]]></system-out>
    <system-err><![CDATA[Starting ChromeDriver 87.0.4280.88 (89e2380a3e36c3464b5dd1302349b1382549290d-refs/branch-heads/4280@{#1761}) on port 29688
Only local connections are allowed.
Please see https://chromedriver.chromium.org/security-considerations for suggestions on keeping ChromeDriver safe.
ChromeDriver was started successfully.
[1614302718.111][WARNING]: This version of ChromeDriver has not been tested with Chrome version 88.
Feb 26, 2021 6:55:26 AM org.openqa.selenium.remote.ProtocolHandshake createSession
INFO: Detected dialect: W3C
Feb 26, 2021 6:55:26 AM org.openqa.selenium.devtools.CdpVersionFinder findNearestMatch
WARNING: Unable to find an exact match for CDP version 88, so returning the closest version found: 86
Feb 26, 2021 6:55:26 AM org.openqa.selenium.devtools.CdpVersionFinder findNearestMatch
INFO: Found CDP implementation for version 88 of 86
]]></system-err>
  </testcase>
</testsuite>